TN:
SF:src/composables/useBranding.ts
FN:16,hexToRgb
FN:30,adjustColor
FN:41,applyBrandingToDOM
FN:65,useBranding
FN:66,loadBranding
FN:85,updateBranding
FN:94,reset
FNF:7
FNH:2
FNDA:0,hexToRgb
FNDA:0,adjustColor
FNDA:0,applyBrandingToDOM
FNDA:4,useBranding
FNDA:0,loadBranding
FNDA:0,updateBranding
FNDA:4,reset
DA:1,1
DA:2,1
DA:5,1
DA:6,1
DA:7,1
DA:8,1
DA:9,1
DA:10,1
DA:16,0
DA:17,0
DA:18,0
DA:19,0
DA:20,0
DA:21,0
DA:22,0
DA:23,0
DA:24,0
DA:25,0
DA:30,0
DA:31,0
DA:32,0
DA:33,0
DA:34,0
DA:35,0
DA:36,0
DA:37,0
DA:38,0
DA:39,0
DA:41,0
DA:42,0
DA:43,0
DA:44,0
DA:45,0
DA:46,0
DA:48,0
DA:50,0
DA:51,0
DA:52,0
DA:53,0
DA:54,0
DA:55,0
DA:56,0
DA:57,0
DA:58,0
DA:59,0
DA:65,1
DA:66,4
DA:67,0
DA:68,0
DA:69,0
DA:70,0
DA:71,0
DA:72,0
DA:73,0
DA:74,0
DA:75,0
DA:76,0
DA:77,0
DA:79,0
DA:80,0
DA:81,0
DA:82,0
DA:85,4
DA:86,0
DA:87,0
DA:88,0
DA:89,0
DA:90,0
DA:91,0
DA:92,0
DA:94,4
DA:95,4
DA:96,4
DA:97,4
DA:98,4
DA:99,4
DA:100,4
DA:101,4
DA:103,4
DA:104,4
DA:105,4
DA:106,4
DA:107,4
DA:108,4
DA:109,4
DA:110,4
DA:111,4
DA:112,4
DA:113,4
DA:114,4
LF:90
LH:31
BRDA:65,0,0,4
BRDA:94,1,0,4
BRF:2
BRH:2
end_of_record
TN:
SF:src/composables/useDeployment.ts
FN:23,useDeployment
FN:24,loadDeploymentInfo
FN:38,reset
FNF:3
FNH:2
FNDA:4,useDeployment
FNDA:0,loadDeploymentInfo
FNDA:4,reset
DA:1,1
DA:2,1
DA:11,1
DA:12,1
DA:13,1
DA:14,1
DA:15,1
DA:16,1
DA:17,1
DA:23,1
DA:24,4
DA:25,0
DA:26,0
DA:27,0
DA:28,0
DA:29,0
DA:31,0
DA:32,0
DA:33,0
DA:35,4
DA:36,4
DA:38,4
DA:39,4
DA:40,4
DA:41,4
DA:42,4
DA:43,4
DA:44,4
DA:45,4
DA:46,4
DA:48,4
DA:49,4
DA:50,4
DA:51,4
DA:52,4
DA:53,4
DA:54,4
DA:55,4
DA:56,4
DA:57,4
DA:58,4
DA:59,4
LF:42
LH:34
BRDA:23,0,0,4
BRDA:38,1,0,4
BRF:2
BRH:2
end_of_record
TN:
SF:src/composables/usePagination.ts
FN:16,usePagination
FN:25,nextPage
FN:29,prevPage
FN:33,goToPage
FN:37,reset
FNF:5
FNH:5
FNDA:18,usePagination
FNDA:2,nextPage
FNDA:2,prevPage
FNDA:4,goToPage
FNDA:1,reset
DA:8,1
DA:16,1
DA:17,18
DA:18,18
DA:19,18
DA:21,18
DA:22,18
DA:23,18
DA:25,18
DA:26,2
DA:27,2
DA:29,18
DA:30,2
DA:31,2
DA:33,18
DA:34,4
DA:35,4
DA:37,18
DA:38,1
DA:39,1
DA:41,18
DA:42,18
DA:43,18
DA:44,18
DA:45,18
DA:46,18
DA:47,18
DA:48,18
DA:49,18
DA:50,18
DA:51,18
DA:52,18
DA:53,18
LF:33
LH:33
BRDA:16,0,0,18
BRDA:21,1,0,11
BRDA:22,2,0,4
BRDA:23,3,0,4
BRDA:25,4,0,2
BRDA:26,5,0,1
BRDA:29,6,0,2
BRDA:30,7,0,1
BRDA:33,8,0,4
BRDA:37,9,0,1
BRF:10
BRH:10
end_of_record
TN:
SF:src/composables/useToast.ts
FN:1,(empty-report)
FNF:1
FNH:1
FNDA:1,(empty-report)
DA:10,0
DA:14,0
DA:15,0
DA:16,0
DA:18,0
DA:27,0
DA:28,0
DA:29,0
DA:30,0
DA:31,0
DA:32,0
DA:33,0
DA:34,0
DA:35,0
DA:38,0
DA:39,0
DA:40,0
DA:41,0
DA:43,0
DA:44,0
DA:45,0
LF:21
LH:0
BRDA:1,0,0,1
BRF:1
BRH:1
end_of_record
TN:
SF:src/composables/useWebSocket.ts
FN:19,useWebSocket
FN:29,connect
FN:40,ws.onopen
FN:46,ws.onmessage
FN:55,ws.onerror
FN:60,ws.onclose
FN:73,disconnect
FN:85,scheduleReconnect
FNF:8
FNH:8
FNDA:13,useWebSocket
FNDA:16,connect
FNDA:10,ws.onopen
FNDA:2,ws.onmessage
FNDA:2,ws.onerror
FNDA:6,ws.onclose
FNDA:2,disconnect
FNDA:6,scheduleReconnect
DA:8,1
DA:19,1
DA:20,13
DA:21,13
DA:23,13
DA:24,13
DA:25,13
DA:26,13
DA:27,13
DA:29,13
DA:30,16
DA:31,15
DA:32,15
DA:36,15
DA:37,16
DA:38,16
DA:40,16
DA:41,10
DA:42,10
DA:43,10
DA:44,10
DA:46,16
DA:47,2
DA:48,2
DA:49,2
DA:50,2
DA:52,1
DA:53,2
DA:55,16
DA:56,2
DA:57,2
DA:58,2
DA:60,16
DA:61,6
DA:63,6
DA:65,6
DA:66,0
DA:67,0
DA:68,0
DA:69,6
DA:70,6
DA:71,16
DA:73,13
DA:74,2
DA:75,2
DA:76,2
DA:77,2
DA:78,2
DA:79,1
DA:80,1
DA:81,1
DA:82,2
DA:83,2
DA:85,13
DA:86,6
DA:87,6
DA:88,6
DA:89,6
DA:90,6
DA:92,13
DA:94,13
DA:95,13
LF:62
LH:59
BRDA:19,0,0,13
BRDA:29,1,0,16
BRDA:30,2,0,5
BRDA:30,3,0,4
BRDA:30,4,0,1
BRDA:30,5,0,15
BRDA:37,6,0,0
BRDA:37,7,0,15
BRDA:40,8,0,10
BRDA:46,9,0,2
BRDA:50,10,0,1
BRDA:55,11,0,2
BRDA:60,12,0,6
BRDA:63,13,0,0
BRDA:63,14,0,0
BRDA:65,15,0,0
BRDA:65,16,0,0
BRDA:73,17,0,2
BRDA:78,18,0,1
BRDA:85,19,0,6
BRDA:86,20,0,0
BRF:21
BRH:15
end_of_record
TN:
SF:src/stores/useApiKeysStore.ts
FN:18,load
FN:30,create
FN:42,update
FN:55,revoke
FN:71,rotate
FNF:5
FNH:5
FNDA:3,load
FNDA:2,create
FNDA:1,update
FNDA:1,revoke
FNDA:1,rotate
DA:5,1
DA:6,1
DA:7,1
DA:10,1
DA:11,11
DA:12,11
DA:13,11
DA:15,11
DA:16,11
DA:18,11
DA:19,3
DA:20,3
DA:21,3
DA:22,3
DA:23,3
DA:24,1
DA:25,3
DA:26,3
DA:27,3
DA:28,3
DA:30,11
DA:31,2
DA:32,2
DA:33,2
DA:34,1
DA:35,1
DA:36,1
DA:37,1
DA:38,1
DA:39,1
DA:40,2
DA:42,11
DA:43,1
DA:44,1
DA:45,1
DA:46,1
DA:47,1
DA:48,1
DA:49,1
DA:50,0
DA:51,0
DA:52,0
DA:53,1
DA:55,11
DA:56,1
DA:57,1
DA:58,1
DA:59,1
DA:60,1
DA:61,1
DA:62,1
DA:63,1
DA:64,1
DA:65,1
DA:66,0
DA:67,0
DA:68,0
DA:69,1
DA:71,11
DA:72,1
DA:73,1
DA:74,1
DA:76,1
DA:77,1
DA:78,1
DA:79,1
DA:80,1
DA:81,1
DA:82,1
DA:83,1
DA:84,0
DA:85,0
DA:86,0
DA:87,1
DA:89,11
DA:90,11
DA:91,11
DA:92,11
DA:93,11
DA:94,11
DA:95,11
DA:96,11
DA:97,11
DA:98,11
DA:99,11
DA:100,11
DA:101,11
LF:87
LH:78
BRDA:10,0,0,11
BRDA:15,1,0,2
BRDA:15,2,0,2
BRDA:16,3,0,2
BRDA:16,4,0,2
BRDA:18,5,0,3
BRDA:22,6,0,2
BRDA:23,7,0,1
BRDA:24,8,0,0
BRDA:30,9,0,2
BRDA:33,10,0,1
BRDA:37,11,0,0
BRDA:42,12,0,1
BRDA:49,13,0,0
BRDA:46,14,0,1
BRDA:55,15,0,1
BRDA:65,16,0,0
BRDA:59,17,0,1
BRDA:71,18,0,1
BRDA:83,19,0,0
BRDA:76,20,0,1
BRF:21
BRH:16
end_of_record
TN:
SF:src/stores/useAuthStore.ts
FN:44,setTokens
FN:63,login
FN:95,loginWithTotp
FN:123,register
FN:144,verifyTotpSetup
FN:168,fetchUser
FN:180,init
FN:198,_clearAuthState
FN:211,logout
FN:224,logoutAll
FN:234,loginWithOidc
FN:253,loginWithSamlNonce
FN:272,changePassword
FNF:13
FNH:11
FNDA:16,setTokens
FNDA:10,login
FNDA:3,loginWithTotp
FNDA:3,register
FNDA:2,verifyTotpSetup
FNDA:12,fetchUser
FNDA:3,init
FNDA:4,_clearAuthState
FNDA:2,logout
FNDA:2,logoutAll
FNDA:2,loginWithOidc
FNDA:0,loginWithSamlNonce
FNDA:0,changePassword
DA:11,1
DA:12,1
DA:13,1
DA:15,1
DA:16,1
DA:18,1
DA:19,1
DA:20,1
DA:21,27
DA:22,27
DA:23,27
DA:24,27
DA:25,27
DA:26,27
DA:29,27
DA:30,27
DA:32,27
DA:35,27
DA:36,27
DA:38,27
DA:39,27
DA:40,27
DA:41,27
DA:42,27
DA:44,27
DA:45,16
DA:46,16
DA:47,16
DA:48,9
DA:49,16
DA:50,7
DA:51,7
DA:52,16
DA:53,9
DA:54,16
DA:55,7
DA:56,7
DA:57,16
DA:63,27
DA:64,10
DA:65,10
DA:66,10
DA:67,10
DA:68,6
DA:69,6
DA:70,6
DA:71,10
DA:73,4
DA:74,4
DA:75,4
DA:76,3
DA:77,4
DA:79,3
DA:81,3
DA:82,3
DA:83,3
DA:84,3
DA:85,4
DA:86,4
DA:87,4
DA:88,4
DA:89,10
DA:90,10
DA:91,10
DA:92,10
DA:95,27
DA:96,3
DA:97,2
DA:98,2
DA:99,2
DA:100,2
DA:101,2
DA:102,3
DA:103,0
DA:104,0
DA:105,0
DA:106,1
DA:107,1
DA:109,1
DA:110,1
DA:111,1
DA:112,1
DA:113,1
DA:114,3
DA:115,2
DA:116,2
DA:117,3
DA:123,27
DA:124,3
DA:125,3
DA:126,3
DA:127,3
DA:128,2
DA:130,2
DA:132,3
DA:133,2
DA:134,2
DA:135,3
DA:136,1
DA:137,1
DA:138,3
DA:139,3
DA:140,3
DA:141,3
DA:144,27
DA:145,2
DA:146,1
DA:147,1
DA:148,1
DA:149,1
DA:150,1
DA:151,1
DA:152,1
DA:153,1
DA:154,1
DA:155,1
DA:156,1
DA:157,1
DA:158,2
DA:159,0
DA:160,0
DA:161,2
DA:163,1
DA:164,1
DA:165,1
DA:166,2
DA:168,27
DA:169,12
DA:170,11
DA:171,11
DA:172,12
DA:173,1
DA:174,1
DA:175,1
DA:176,12
DA:179,27
DA:180,27
DA:181,3
DA:183,3
DA:184,2
DA:185,2
DA:186,1
DA:187,1
DA:188,2
DA:189,2
DA:190,2
DA:191,2
DA:192,2
DA:193,2
DA:194,2
DA:195,3
DA:198,27
DA:199,4
DA:200,4
DA:201,4
DA:202,4
DA:203,4
DA:204,4
DA:205,4
DA:206,4
DA:207,4
DA:208,4
DA:209,4
DA:211,27
DA:213,2
DA:214,2
DA:215,2
DA:216,1
DA:218,1
DA:219,2
DA:220,2
DA:221,2
DA:224,27
DA:225,2
DA:226,2
DA:227,1
DA:229,1
DA:230,2
DA:231,2
DA:234,27
DA:235,2
DA:236,2
DA:237,2
DA:238,2
DA:239,1
DA:240,1
DA:241,1
DA:242,1
DA:243,1
DA:244,1
DA:245,1
DA:246,1
DA:247,2
DA:248,2
DA:249,2
DA:250,2
DA:253,27
DA:254,0
DA:255,0
DA:256,0
DA:257,0
DA:258,0
DA:259,0
DA:260,0
DA:261,0
DA:262,0
DA:263,0
DA:264,0
DA:265,0
DA:266,0
DA:267,0
DA:268,0
DA:269,0
DA:272,27
DA:273,0
DA:274,0
DA:275,0
DA:276,0
DA:277,0
DA:278,0
DA:279,0
DA:280,0
DA:281,0
DA:282,0
DA:283,0
DA:284,0
DA:286,27
DA:287,27
DA:288,27
DA:289,27
DA:290,27
DA:291,27
DA:292,27
DA:293,27
DA:294,27
DA:295,27
DA:296,27
DA:297,27
DA:298,27
DA:299,27
DA:300,27
DA:301,27
DA:302,27
DA:303,27
DA:304,27
DA:305,27
DA:306,27
DA:307,27
DA:308,27
DA:309,27
DA:310,27
DA:311,27
DA:312,27
LF:253
LH:220
BRDA:20,0,0,27
BRDA:38,1,0,2
BRDA:38,2,0,1
BRDA:39,3,0,4
BRDA:39,4,0,3
BRDA:39,5,0,1
BRDA:41,6,0,3
BRDA:41,7,0,2
BRDA:42,8,0,3
BRDA:42,9,0,2
BRDA:42,10,0,1
BRDA:44,11,0,16
BRDA:47,12,0,9
BRDA:49,13,0,7
BRDA:52,14,0,9
BRDA:54,15,0,7
BRDA:63,16,0,10
BRDA:67,17,0,6
BRDA:71,18,0,4
BRDA:75,19,0,3
BRDA:75,20,0,3
BRDA:77,21,0,3
BRDA:81,22,0,0
BRDA:84,23,0,1
BRDA:85,24,0,0
BRDA:89,25,0,0
BRDA:95,26,0,3
BRDA:96,27,0,1
BRDA:96,28,0,2
BRDA:101,29,0,1
BRDA:102,30,0,0
BRDA:105,31,0,1
BRDA:112,32,0,0
BRDA:114,33,0,0
BRDA:114,34,0,2
BRDA:123,35,0,3
BRDA:127,36,0,2
BRDA:132,37,0,0
BRDA:132,38,0,2
BRDA:135,39,0,1
BRDA:136,40,0,0
BRDA:138,41,0,0
BRDA:144,42,0,2
BRDA:145,43,0,1
BRDA:145,44,0,1
BRDA:158,45,0,0
BRDA:161,46,0,1
BRDA:168,47,0,12
BRDA:169,48,0,1
BRDA:169,49,0,11
BRDA:171,50,0,10
BRDA:172,51,0,1
BRDA:180,52,0,3
BRDA:181,53,0,1
BRDA:181,54,0,2
BRDA:183,55,0,0
BRDA:183,56,0,2
BRDA:184,57,0,2
BRDA:185,58,0,1
BRDA:198,59,0,4
BRDA:205,60,0,0
BRDA:206,61,0,0
BRDA:211,62,0,2
BRDA:215,63,0,1
BRDA:224,64,0,2
BRDA:226,65,0,1
BRDA:234,66,0,2
BRDA:238,67,0,1
BRDA:243,68,0,0
BRDA:247,69,0,0
BRF:70
BRH:55
end_of_record
TN:
SF:src/stores/useClassificationStore.ts
FN:27,fetchOverview
FN:40,fetchResults
FN:64,triggerClassification
FN:83,_startPolling
FN:89,poll
FN:121,stopPolling
FN:133,acknowledgeAnomaly
FN:144,exportResults
FNF:8
FNH:7
FNDA:2,fetchOverview
FNDA:3,fetchResults
FNDA:6,triggerClassification
FNDA:4,_startPolling
FNDA:3,poll
FNDA:0,stopPolling
FNDA:2,acknowledgeAnomaly
FNDA:2,exportResults
DA:7,1
DA:8,1
DA:9,1
DA:16,1
DA:17,16
DA:18,16
DA:19,16
DA:20,16
DA:21,16
DA:22,16
DA:24,16
DA:27,16
DA:28,2
DA:29,2
DA:30,2
DA:31,2
DA:32,1
DA:33,1
DA:34,2
DA:35,2
DA:36,2
DA:37,2
DA:40,16
DA:46,3
DA:47,3
DA:48,3
DA:49,3
DA:50,3
DA:51,2
DA:52,2
DA:53,3
DA:54,1
DA:55,3
DA:56,3
DA:57,3
DA:58,3
DA:64,16
DA:65,6
DA:66,5
DA:67,5
DA:68,5
DA:69,3
DA:70,3
DA:71,6
DA:72,2
DA:73,2
DA:74,1
DA:75,1
DA:76,1
DA:77,1
DA:78,1
DA:79,1
DA:80,2
DA:81,6
DA:83,16
DA:84,4
DA:85,4
DA:86,4
DA:87,4
DA:89,4
DA:90,3
DA:91,3
DA:92,0
DA:93,0
DA:94,0
DA:95,0
DA:96,0
DA:97,3
DA:98,3
DA:99,3
DA:100,1
DA:101,1
DA:102,1
DA:103,1
DA:104,1
DA:105,2
DA:106,3
DA:108,0
DA:109,2
DA:110,3
DA:112,4
DA:113,4
DA:121,16
DA:122,0
DA:123,0
DA:124,0
DA:125,0
DA:126,0
DA:130,16
DA:133,16
DA:134,2
DA:135,2
DA:136,1
DA:137,1
DA:138,2
DA:139,1
DA:140,1
DA:141,2
DA:144,16
DA:145,2
DA:146,2
DA:147,2
DA:148,2
DA:149,2
DA:150,1
DA:151,1
DA:152,1
DA:153,1
DA:154,1
DA:155,1
DA:156,1
DA:157,1
DA:158,1
DA:159,2
DA:161,16
DA:162,16
DA:163,16
DA:164,16
DA:165,16
DA:166,16
DA:167,16
DA:168,16
DA:169,16
DA:170,16
DA:171,16
DA:172,16
DA:173,16
DA:174,16
DA:175,16
LF:129
LH:118
BRDA:16,0,0,16
BRDA:27,1,0,2
BRDA:31,2,0,1
BRDA:33,3,0,0
BRDA:40,4,0,3
BRDA:50,5,0,2
BRDA:53,6,0,1
BRDA:54,7,0,0
BRDA:64,8,0,6
BRDA:65,9,0,1
BRDA:65,10,0,5
BRDA:68,11,0,3
BRDA:71,12,0,2
BRDA:72,13,0,0
BRDA:73,14,0,1
BRDA:73,15,0,1
BRDA:83,16,0,4
BRDA:84,17,0,0
BRDA:85,18,0,2
BRDA:85,19,0,2
BRDA:89,20,0,3
BRDA:91,21,0,0
BRDA:99,22,0,1
BRDA:104,23,0,2
BRDA:106,24,0,0
BRDA:108,25,0,2
BRDA:133,26,0,2
BRDA:135,27,0,1
BRDA:138,28,0,1
BRDA:139,29,0,0
BRDA:136,30,0,1
BRDA:144,31,0,2
BRDA:149,32,0,1
BRDA:157,33,0,0
BRF:34
BRH:26
end_of_record
TN:
SF:src/stores/useComplianceStore.ts
FN:62,fetchFrameworks
FN:76,fetchFrameworkDetail
FN:89,toggleFramework
FN:106,fetchDashboard
FN:119,fetchLatestResults
FN:132,fetchViolations
FN:150,triggerRun
FN:163,configureControl
FN:176,createCustomControl
FN:186,fetchControlHistory
FN:199,fetchSchedule
FN:209,updateSchedule
FNF:12
FNH:7
FNDA:2,fetchFrameworks
FNDA:0,fetchFrameworkDetail
FNDA:2,toggleFramework
FNDA:1,fetchDashboard
FNDA:2,fetchLatestResults
FNDA:0,fetchViolations
FNDA:2,triggerRun
FNDA:0,configureControl
FNDA:0,createCustomControl
FNDA:0,fetchControlHistory
FNDA:1,fetchSchedule
FNDA:1,updateSchedule
DA:9,1
DA:10,1
DA:11,1
DA:26,1
DA:28,13
DA:29,13
DA:30,13
DA:31,13
DA:32,13
DA:33,13
DA:34,13
DA:35,13
DA:37,13
DA:38,13
DA:39,13
DA:40,13
DA:45,13
DA:46,1
DA:47,13
DA:50,13
DA:51,1
DA:52,13
DA:55,13
DA:56,1
DA:57,13
DA:62,13
DA:63,2
DA:64,2
DA:65,2
DA:66,2
DA:67,1
DA:68,1
DA:69,1
DA:70,2
DA:71,2
DA:72,2
DA:73,2
DA:76,13
DA:77,0
DA:78,0
DA:79,0
DA:80,0
DA:81,0
DA:82,0
DA:83,0
DA:84,0
DA:85,0
DA:86,0
DA:89,13
DA:90,2
DA:91,2
DA:92,2
DA:93,1
DA:94,1
DA:95,1
DA:96,1
DA:98,2
DA:99,2
DA:100,2
DA:101,0
DA:102,0
DA:103,2
DA:106,13
DA:107,1
DA:108,1
DA:109,1
DA:110,1
DA:111,1
DA:112,0
DA:113,1
DA:114,1
DA:115,1
DA:116,1
DA:119,13
DA:120,2
DA:121,2
DA:122,2
DA:123,2
DA:124,2
DA:125,0
DA:126,2
DA:127,2
DA:128,2
DA:129,2
DA:132,13
DA:137,0
DA:138,0
DA:139,0
DA:140,0
DA:141,0
DA:142,0
DA:143,0
DA:144,0
DA:145,0
DA:146,0
DA:147,0
DA:150,13
DA:151,2
DA:152,2
DA:153,2
DA:154,2
DA:155,1
DA:156,1
DA:157,2
DA:158,2
DA:159,2
DA:160,2
DA:163,13
DA:164,0
DA:165,0
DA:166,0
DA:167,0
DA:168,0
DA:169,0
DA:170,0
DA:171,0
DA:172,0
DA:173,0
DA:176,13
DA:177,0
DA:178,0
DA:179,0
DA:180,0
DA:181,0
DA:182,0
DA:183,0
DA:186,13
DA:187,0
DA:188,0
DA:189,0
DA:190,0
DA:191,0
DA:192,0
DA:193,0
DA:194,0
DA:195,0
DA:196,0
DA:199,13
DA:200,1
DA:201,1
DA:202,1
DA:203,1
DA:204,0
DA:205,0
DA:206,1
DA:209,13
DA:210,1
DA:211,1
DA:212,1
DA:213,1
DA:214,0
DA:215,0
DA:216,1
DA:218,13
DA:220,13
DA:221,13
DA:222,13
DA:223,13
DA:224,13
DA:225,13
DA:226,13
DA:227,13
DA:228,13
DA:229,13
DA:230,13
DA:233,13
DA:234,13
DA:235,13
DA:238,13
DA:239,13
DA:240,13
DA:241,13
DA:242,13
DA:243,13
DA:244,13
DA:245,13
DA:246,13
DA:247,13
DA:248,13
DA:249,13
DA:250,13
DA:251,13
LF:182
LH:126
BRDA:26,0,0,13
BRDA:38,1,0,3
BRDA:45,2,0,1
BRDA:46,3,0,3
BRDA:50,4,0,1
BRDA:51,5,0,0
BRDA:55,6,0,1
BRDA:56,7,0,0
BRDA:62,8,0,2
BRDA:66,9,0,1
BRDA:69,10,0,0
BRDA:89,11,0,2
BRDA:92,12,0,1
BRDA:100,13,0,0
BRDA:98,14,0,2
BRDA:106,15,0,1
BRDA:111,16,0,0
BRDA:119,17,0,2
BRDA:124,18,0,0
BRDA:150,19,0,2
BRDA:154,20,0,1
BRDA:156,21,0,0
BRDA:199,22,0,1
BRDA:203,23,0,0
BRDA:209,24,0,1
BRDA:213,25,0,0
BRF:26
BRH:17
end_of_record
TN:
SF:src/stores/useEnforcementStore.ts
FN:1,(empty-report)
FNF:1
FNH:1
FNDA:1,(empty-report)
DA:7,0
DA:8,0
DA:9,0
DA:20,0
DA:22,0
DA:23,0
DA:24,0
DA:25,0
DA:26,0
DA:28,0
DA:29,0
DA:30,0
DA:31,0
DA:36,0
DA:39,0
DA:44,0
DA:45,0
DA:46,0
DA:47,0
DA:48,0
DA:49,0
DA:50,0
DA:51,0
DA:52,0
DA:53,0
DA:54,0
DA:55,0
DA:58,0
DA:59,0
DA:60,0
DA:61,0
DA:62,0
DA:63,0
DA:64,0
DA:65,0
DA:66,0
DA:69,0
DA:70,0
DA:71,0
DA:72,0
DA:73,0
DA:74,0
DA:75,0
DA:76,0
DA:77,0
DA:78,0
DA:81,0
DA:82,0
DA:83,0
DA:84,0
DA:85,0
DA:86,0
DA:87,0
DA:88,0
DA:89,0
DA:92,0
DA:93,0
DA:94,0
DA:95,0
DA:96,0
DA:97,0
DA:98,0
DA:99,0
DA:100,0
DA:101,0
DA:104,0
DA:105,0
DA:106,0
DA:107,0
DA:108,0
DA:109,0
DA:110,0
DA:111,0
DA:114,0
DA:115,0
DA:116,0
DA:117,0
DA:118,0
DA:119,0
DA:120,0
DA:121,0
DA:122,0
DA:123,0
DA:124,0
DA:127,0
DA:131,0
DA:132,0
DA:133,0
DA:134,0
DA:135,0
DA:136,0
DA:137,0
DA:138,0
DA:139,0
DA:140,0
DA:141,0
DA:144,0
DA:145,0
DA:146,0
DA:147,0
DA:148,0
DA:149,0
DA:150,0
DA:151,0
DA:152,0
DA:153,0
DA:154,0
DA:156,0
DA:157,0
DA:158,0
DA:159,0
DA:160,0
DA:161,0
DA:162,0
DA:163,0
DA:164,0
DA:165,0
DA:166,0
DA:167,0
DA:168,0
DA:169,0
DA:170,0
DA:171,0
DA:172,0
DA:173,0
DA:174,0
DA:175,0
DA:176,0
DA:177,0
LF:129
LH:0
BRDA:1,0,0,1
BRF:1
BRH:1
end_of_record
TN:
SF:src/stores/useFingerprintStore.ts
FN:27,loadFingerprint
FN:48,ensureFingerprint
FN:65,addMarker
FN:82,updateMarker
FN:101,removeMarker
FN:114,reorderMarkers
FN:132,loadSuggestions
FN:144,acceptSuggestion
FN:157,rejectSuggestion
FNF:9
FNH:9
FNDA:4,loadFingerprint
FNDA:4,ensureFingerprint
FNDA:3,addMarker
FNDA:3,updateMarker
FNDA:2,removeMarker
FNDA:3,reorderMarkers
FNDA:2,loadSuggestions
FNDA:2,acceptSuggestion
FNDA:2,rejectSuggestion
DA:8,1
DA:9,1
DA:10,1
DA:19,1
DA:20,24
DA:21,24
DA:22,24
DA:23,24
DA:24,24
DA:27,24
DA:28,4
DA:29,4
DA:30,4
DA:31,4
DA:32,4
DA:33,1
DA:34,1
DA:36,1
DA:37,1
DA:38,1
DA:39,0
DA:40,0
DA:41,0
DA:42,4
DA:43,4
DA:44,4
DA:45,4
DA:48,24
DA:49,4
DA:50,3
DA:51,3
DA:52,3
DA:53,3
DA:54,4
DA:55,2
DA:56,1
DA:57,4
DA:58,1
DA:59,4
DA:60,3
DA:61,3
DA:62,4
DA:65,24
DA:66,3
DA:67,2
DA:68,2
DA:69,2
DA:70,2
DA:71,1
DA:72,1
DA:73,1
DA:74,1
DA:75,1
DA:76,3
DA:77,2
DA:78,2
DA:79,3
DA:82,24
DA:83,3
DA:84,3
DA:85,3
DA:86,3
DA:87,2
DA:88,2
DA:89,2
DA:90,2
DA:91,2
DA:92,2
DA:93,1
DA:94,1
DA:95,3
DA:96,1
DA:97,1
DA:98,3
DA:101,24
DA:102,2
DA:103,1
DA:104,1
DA:105,1
DA:106,1
DA:107,1
DA:108,2
DA:109,0
DA:110,0
DA:111,2
DA:114,24
DA:115,3
DA:117,3
DA:118,3
DA:119,3
DA:120,3
DA:122,3
DA:123,3
DA:124,3
DA:126,1
DA:127,1
DA:128,1
DA:129,3
DA:132,24
DA:133,2
DA:134,2
DA:135,2
DA:136,1
DA:137,1
DA:138,2
DA:139,2
DA:140,2
DA:141,2
DA:144,24
DA:145,2
DA:146,1
DA:147,1
DA:148,1
DA:150,1
DA:151,2
DA:152,0
DA:153,0
DA:154,2
DA:157,24
DA:158,2
DA:159,2
DA:160,2
DA:161,1
DA:162,1
DA:163,1
DA:164,1
DA:165,2
DA:167,24
DA:168,24
DA:169,24
DA:170,24
DA:171,24
DA:172,24
DA:173,24
DA:174,24
DA:175,24
DA:176,24
DA:177,24
DA:178,24
DA:179,24
DA:180,24
DA:181,24
DA:182,24
DA:183,24
LF:144
LH:137
BRDA:19,0,0,24
BRDA:27,1,0,4
BRDA:31,2,0,3
BRDA:32,3,0,1
BRDA:33,4,0,0
BRDA:38,5,0,0
BRDA:48,6,0,4
BRDA:49,7,0,1
BRDA:49,8,0,1
BRDA:49,9,0,3
BRDA:53,10,0,1
BRDA:54,11,0,2
BRDA:55,12,0,1
BRDA:57,13,0,1
BRDA:58,14,0,0
BRDA:59,15,0,3
BRDA:65,16,0,3
BRDA:66,17,0,1
BRDA:66,18,0,2
BRDA:70,19,0,1
BRDA:74,20,0,0
BRDA:76,21,0,0
BRDA:76,22,0,2
BRDA:82,23,0,3
BRDA:86,24,0,1
BRDA:86,25,0,2
BRDA:92,26,0,1
BRDA:95,27,0,1
BRDA:96,28,0,0
BRDA:93,29,0,1
BRDA:101,30,0,2
BRDA:102,31,0,1
BRDA:108,32,0,0
BRDA:106,33,0,2
BRDA:114,34,0,3
BRDA:115,35,0,0
BRDA:123,36,0,2
BRDA:124,37,0,1
BRDA:117,38,0,6
BRDA:119,39,0,7
BRDA:120,40,0,7
BRDA:132,41,0,2
BRDA:135,42,0,1
BRDA:144,43,0,2
BRDA:145,44,0,1
BRDA:151,45,0,0
BRDA:148,46,0,2
BRDA:157,47,0,2
BRDA:158,48,0,0
BRDA:160,49,0,1
BRDA:163,50,0,0
BRDA:161,51,0,2
BRF:52
BRH:41
end_of_record
TN:
SF:src/stores/useSyncStore.ts
FN:27,fetchStatus
FN:43,fetchHistory
FN:58,triggerSync
FN:70,handleProgressMessage
FNF:4
FNH:4
FNDA:7,fetchStatus
FNDA:6,fetchHistory
FNDA:3,triggerSync
FNDA:7,handleProgressMessage
DA:7,1
DA:8,1
DA:9,1
DA:12,1
DA:13,18
DA:14,18
DA:15,18
DA:16,18
DA:17,18
DA:18,18
DA:19,18
DA:20,18
DA:23,18
DA:24,18
DA:25,18
DA:27,18
DA:28,7
DA:29,7
DA:30,7
DA:31,7
DA:32,5
DA:33,5
DA:34,7
DA:35,7
DA:36,7
DA:37,5
DA:38,7
DA:39,7
DA:40,7
DA:41,7
DA:43,18
DA:44,6
DA:45,6
DA:46,6
DA:47,5
DA:48,5
DA:49,6
DA:50,4
DA:51,1
DA:52,1
DA:53,6
DA:54,6
DA:55,6
DA:56,6
DA:58,18
DA:59,3
DA:60,3
DA:61,3
DA:62,2
DA:63,3
DA:64,1
DA:65,1
DA:66,1
DA:67,3
DA:70,18
DA:71,7
DA:74,7
DA:75,0
DA:76,0
DA:79,7
DA:80,1
DA:81,1
DA:82,1
DA:83,1
DA:84,1
DA:85,1
DA:86,1
DA:87,7
DA:88,5
DA:89,5
DA:90,5
DA:91,5
DA:92,5
DA:93,5
DA:94,5
DA:95,5
DA:97,7
DA:98,3
DA:100,3
DA:101,3
DA:102,3
DA:103,0
DA:104,0
DA:105,3
DA:106,3
DA:107,3
DA:108,3
DA:110,3
DA:111,3
DA:112,3
DA:113,7
DA:115,18
DA:116,18
DA:117,18
DA:118,18
DA:119,18
DA:120,18
DA:121,18
DA:122,18
DA:123,18
DA:124,18
DA:125,18
DA:126,18
DA:127,18
DA:128,18
DA:129,18
DA:130,18
LF:107
LH:103
BRDA:12,0,0,18
BRDA:25,1,0,3
BRDA:27,2,0,7
BRDA:31,3,0,5
BRDA:34,4,0,1
BRDA:35,5,0,2
BRDA:36,6,0,5
BRDA:37,7,0,4
BRDA:37,8,0,1
BRDA:43,9,0,6
BRDA:46,10,0,5
BRDA:49,11,0,4
BRDA:50,12,0,1
BRDA:51,13,0,0
BRDA:58,14,0,3
BRDA:61,15,0,2
BRDA:63,16,0,1
BRDA:64,17,0,0
BRDA:70,18,0,7
BRDA:71,19,0,1
BRDA:71,20,0,6
BRDA:74,21,0,0
BRDA:76,22,0,6
BRDA:79,23,0,1
BRDA:83,24,0,0
BRDA:85,25,0,0
BRDA:87,26,0,5
BRDA:91,27,0,4
BRDA:92,28,0,4
BRDA:95,29,0,6
BRDA:97,30,0,4
BRDA:97,31,0,3
BRDA:102,32,0,0
BRF:33
BRH:27
end_of_record
TN:
SF:src/stores/useTagStore.ts
FN:30,fetchRules
FN:42,loadRule
FN:56,createRule
FN:68,updateRule
FN:80,deleteRule
FN:91,addPattern
FN:108,removePattern
FN:123,previewRule
FN:135,applyRule
FNF:9
FNH:9
FNDA:2,fetchRules
FNDA:2,loadRule
FNDA:2,createRule
FNDA:2,updateRule
FNDA:3,deleteRule
FNDA:3,addPattern
FNDA:2,removePattern
FNDA:2,previewRule
FNDA:3,applyRule
DA:8,1
DA:9,1
DA:10,1
DA:21,1
DA:22,22
DA:23,22
DA:24,22
DA:25,22
DA:26,22
DA:27,22
DA:28,22
DA:30,22
DA:31,2
DA:32,2
DA:33,2
DA:34,2
DA:35,1
DA:36,1
DA:37,2
DA:38,2
DA:39,2
DA:40,2
DA:42,22
DA:43,2
DA:44,2
DA:45,2
DA:46,2
DA:47,2
DA:48,1
DA:49,1
DA:50,1
DA:51,2
DA:52,2
DA:53,2
DA:54,2
DA:56,22
DA:57,2
DA:58,2
DA:59,2
DA:60,1
DA:61,1
DA:62,1
DA:63,1
DA:64,1
DA:65,1
DA:66,2
DA:68,22
DA:69,2
DA:70,2
DA:71,2
DA:72,1
DA:73,1
DA:74,1
DA:75,2
DA:76,1
DA:77,1
DA:78,2
DA:80,22
DA:81,3
DA:82,3
DA:83,3
DA:84,2
DA:85,3
DA:86,3
DA:87,1
DA:88,1
DA:89,3
DA:91,22
DA:92,3
DA:93,3
DA:94,3
DA:95,3
DA:96,3
DA:97,3
DA:98,3
DA:99,1
DA:100,1
DA:101,2
DA:102,3
DA:103,1
DA:104,1
DA:105,1
DA:106,3
DA:108,22
DA:109,2
DA:110,2
DA:111,2
DA:112,2
DA:113,1
DA:114,1
DA:115,1
DA:116,1
DA:117,1
DA:118,2
DA:119,0
DA:120,0
DA:121,2
DA:123,22
DA:124,2
DA:125,2
DA:126,2
DA:127,2
DA:128,1
DA:129,1
DA:130,2
DA:131,2
DA:132,2
DA:133,2
DA:135,22
DA:136,3
DA:137,3
DA:138,3
DA:139,3
DA:141,3
DA:142,1
DA:143,1
DA:144,2
DA:145,3
DA:146,1
DA:147,1
DA:148,3
DA:149,3
DA:150,3
DA:151,3
DA:153,22
DA:154,22
DA:155,22
DA:156,22
DA:157,22
DA:158,22
DA:159,22
DA:160,22
DA:161,22
DA:162,22
DA:163,22
DA:164,22
DA:165,22
DA:166,22
DA:167,22
DA:168,22
DA:169,22
DA:170,22
DA:171,22
LF:143
LH:141
BRDA:21,0,0,22
BRDA:30,1,0,2
BRDA:34,2,0,1
BRDA:36,3,0,0
BRDA:42,4,0,2
BRDA:47,5,0,1
BRDA:50,6,0,0
BRDA:56,7,0,2
BRDA:59,8,0,1
BRDA:63,9,0,0
BRDA:68,10,0,2
BRDA:71,11,0,1
BRDA:75,12,0,1
BRDA:76,13,0,0
BRDA:73,14,0,1
BRDA:80,15,0,3
BRDA:83,16,0,2
BRDA:85,17,0,1
BRDA:86,18,0,1
BRDA:87,19,0,0
BRDA:84,20,0,3
BRDA:91,21,0,3
BRDA:97,22,0,2
BRDA:98,23,0,1
BRDA:100,24,0,2
BRDA:102,25,0,1
BRDA:103,26,0,0
BRDA:108,27,0,2
BRDA:112,28,0,1
BRDA:118,29,0,0
BRDA:115,30,0,1
BRDA:123,31,0,2
BRDA:127,32,0,1
BRDA:129,33,0,0
BRDA:135,34,0,3
BRDA:139,35,0,2
BRDA:141,36,0,1
BRDA:143,37,0,2
BRDA:145,38,0,1
BRDA:146,39,0,0
BRDA:148,40,0,0
BRF:41
BRH:31
end_of_record
TN:
SF:src/stores/useTaxonomyStore.ts
FN:28,fetchCategories
FN:42,fetchEntriesByCategory
FN:57,search
FN:75,createCategory
FN:91,addEntry
FN:109,editEntry
FN:131,deleteEntry
FN:148,toggleUniversal
FN:158,updateCategory
FN:179,deleteCategory
FNF:10
FNH:10
FNDA:8,fetchCategories
FNDA:7,fetchEntriesByCategory
FNDA:3,search
FNDA:2,createCategory
FNDA:1,addEntry
FNDA:2,editEntry
FNDA:2,deleteEntry
FNDA:2,toggleUniversal
FNDA:3,updateCategory
FNDA:2,deleteCategory
DA:8,1
DA:9,1
DA:10,1
DA:20,1
DA:21,24
DA:22,24
DA:23,24
DA:24,24
DA:25,24
DA:28,24
DA:29,8
DA:30,8
DA:31,8
DA:32,8
DA:33,7
DA:34,8
DA:35,1
DA:36,8
DA:37,8
DA:38,8
DA:39,8
DA:42,24
DA:43,7
DA:44,6
DA:45,6
DA:46,6
DA:47,6
DA:48,5
DA:49,7
DA:50,2
DA:51,7
DA:52,6
DA:53,6
DA:54,7
DA:57,24
DA:58,3
DA:59,1
DA:60,1
DA:61,1
DA:62,2
DA:63,2
DA:64,2
DA:65,2
DA:66,1
DA:67,1
DA:68,1
DA:69,3
DA:70,2
DA:71,2
DA:72,3
DA:75,24
DA:76,2
DA:77,2
DA:78,2
DA:79,2
DA:80,1
DA:81,1
DA:82,1
DA:83,1
DA:84,1
DA:85,2
DA:86,2
DA:87,2
DA:88,2
DA:91,24
DA:92,1
DA:93,1
DA:94,1
DA:95,1
DA:97,1
DA:98,1
DA:99,1
DA:100,1
DA:101,0
DA:102,0
DA:103,1
DA:104,1
DA:105,1
DA:106,1
DA:109,24
DA:110,2
DA:111,2
DA:112,2
DA:113,2
DA:114,2
DA:115,2
DA:116,2
DA:117,2
DA:119,1
DA:120,1
DA:121,1
DA:122,1
DA:123,1
DA:124,1
DA:125,2
DA:126,2
DA:127,2
DA:128,2
DA:131,24
DA:132,2
DA:133,2
DA:134,2
DA:135,2
DA:136,1
DA:137,1
DA:138,1
DA:139,1
DA:140,1
DA:141,1
DA:142,2
DA:143,2
DA:144,2
DA:145,2
DA:148,24
DA:149,2
DA:150,2
DA:151,1
DA:152,1
DA:153,1
DA:154,1
DA:155,2
DA:158,24
DA:159,3
DA:160,3
DA:161,3
DA:162,3
DA:164,2
DA:165,3
DA:166,1
DA:167,1
DA:168,2
DA:169,2
DA:170,3
DA:171,1
DA:172,1
DA:173,3
DA:174,3
DA:175,3
DA:176,3
DA:179,24
DA:180,2
DA:181,2
DA:182,2
DA:183,2
DA:184,1
DA:185,1
DA:186,1
DA:187,1
DA:188,1
DA:189,1
DA:190,2
DA:191,2
DA:192,2
DA:193,2
DA:195,24
DA:196,24
DA:197,24
DA:198,24
DA:199,24
DA:200,24
DA:201,24
DA:202,24
DA:203,24
DA:204,24
DA:205,24
DA:206,24
DA:207,24
DA:208,24
DA:209,24
DA:210,24
DA:211,24
DA:212,24
LF:172
LH:170
BRDA:20,0,0,24
BRDA:28,1,0,8
BRDA:32,2,0,7
BRDA:34,3,0,1
BRDA:35,4,0,0
BRDA:42,5,0,7
BRDA:43,6,0,5
BRDA:43,7,0,1
BRDA:43,8,0,6
BRDA:47,9,0,5
BRDA:49,10,0,2
BRDA:50,11,0,0
BRDA:51,12,0,6
BRDA:57,13,0,3
BRDA:58,14,0,1
BRDA:61,15,0,2
BRDA:65,16,0,1
BRDA:68,17,0,0
BRDA:69,18,0,2
BRDA:75,19,0,2
BRDA:79,20,0,1
BRDA:83,21,0,0
BRDA:85,22,0,0
BRDA:91,23,0,1
BRDA:100,24,0,0
BRDA:109,25,0,2
BRDA:117,26,0,1
BRDA:123,27,0,0
BRDA:125,28,0,0
BRDA:131,29,0,2
BRDA:135,30,0,1
BRDA:140,31,0,0
BRDA:142,32,0,0
BRDA:148,33,0,2
BRDA:150,34,0,1
BRDA:153,35,0,0
BRDA:158,36,0,3
BRDA:162,37,0,2
BRDA:165,38,0,1
BRDA:167,39,0,2
BRDA:170,40,0,1
BRDA:171,41,0,0
BRDA:173,42,0,0
BRDA:179,43,0,2
BRDA:183,44,0,1
BRDA:188,45,0,0
BRDA:190,46,0,0
BRF:47
BRH:32
end_of_record
